<?xml version="1.0" encoding="UTF-8"?>
<!-- Generated by org.testng.reporters.JUnitXMLReporter -->
<testsuite hostname="BahasoComputer" name="Test" tests="52" failures="3" timestamp="18 Nov 2016 10:07:55 GMT" time="1020.133" errors="0">
  <testcase name="@BeforeMethod before" time="0.0" classname="bahaso.testing.web.TrueFalseSentence_TestCase">
    <failure type="org.openqa.selenium.ElementNotVisibleException" message="element not visible
  (Session info: chrome=54.0.2840.99)
  (Driver info: chromedriver=2.25.426923 (0390b88869384d6eb0d5d09729679f934aab9eed),platform=Windows NT 10.0.10586 x86_64) (WARNING: The server did not provide any stacktrace information)
Command duration or timeout: 31 milliseconds
Build info: version: &amp;apos;unknown&amp;apos;, revision: &amp;apos;1969d75&amp;apos;, time: &amp;apos;2016-10-18 09:43:45 -0700&amp;apos;
System info: host: &amp;apos;BahasoComputer&amp;apos;, ip: &amp;apos;10.10.16.45&amp;apos;, os.name: &amp;apos;Windows 10&amp;apos;, os.arch: &amp;apos;amd64&amp;apos;, os.version: &amp;apos;10.0&amp;apos;, java.version: &amp;apos;1.8.0_73&amp;apos;
Driver info: org.openqa.selenium.chrome.ChromeDriver
Capabilities [{applicationCacheEnabled=false, rotatable=false, mobileEmulationEnabled=false, networkConnectionEnabled=false, chrome={chromedriverVersion=2.25.426923 (0390b88869384d6eb0d5d09729679f934aab9eed), userDataDir=C:\Users\BAHASO~1\AppData\Local\Temp\scoped_dir7856_25425}, takesHeapSnapshot=true, pageLoadStrategy=normal, databaseEnabled=false, handlesAlerts=true, hasTouchScreen=false, version=54.0.2840.99, platform=XP, browserConnectionEnabled=false, nativeEvents=true, acceptSslCerts=true, locationContextEnabled=true, webStorageEnabled=true, browserName=chrome, takesScreenshot=true, javascriptEnabled=true, cssSelectorsEnabled=true}]
Session ID: d560dab9968d7057c8dc477b4e05ff67">
      <![CDATA[org.openqa.selenium.ElementNotVisibleException: element not visible
  (Session info: chrome=54.0.2840.99)
  (Driver info: chromedriver=2.25.426923 (0390b88869384d6eb0d5d09729679f934aab9eed),platform=Windows NT 10.0.10586 x86_64) (WARNING: The server did not provide any stacktrace information)
Command duration or timeout: 31 milliseconds
Build info: version: 'unknown', revision: '1969d75', time: '2016-10-18 09:43:45 -0700'
System info: host: 'BahasoComputer', ip: '10.10.16.45', os.name: 'Windows 10', os.arch: 'amd64', os.version: '10.0', java.version: '1.8.0_73'
Driver info: org.openqa.selenium.chrome.ChromeDriver
Capabilities [{applicationCacheEnabled=false, rotatable=false, mobileEmulationEnabled=false, networkConnectionEnabled=false, chrome={chromedriverVersion=2.25.426923 (0390b88869384d6eb0d5d09729679f934aab9eed), userDataDir=C:\Users\BAHASO~1\AppData\Local\Temp\scoped_dir7856_25425}, takesHeapSnapshot=true, pageLoadStrategy=normal, databaseEnabled=false, handlesAlerts=true, hasTouchScreen=false, version=54.0.2840.99, platform=XP, browserConnectionEnabled=false, nativeEvents=true, acceptSslCerts=true, locationContextEnabled=true, webStorageEnabled=true, browserName=chrome, takesScreenshot=true, javascriptEnabled=true, cssSelectorsEnabled=true}]
Session ID: d560dab9968d7057c8dc477b4e05ff67
	at org.openqa.selenium.remote.ErrorHandler.createThrowable(ErrorHandler.java:216)
	at org.openqa.selenium.remote.ErrorHandler.throwIfResponseFailed(ErrorHandler.java:168)
	at org.openqa.selenium.remote.RemoteWebDriver.execute(RemoteWebDriver.java:635)
	at org.openqa.selenium.remote.RemoteWebElement.execute(RemoteWebElement.java:274)
	at org.openqa.selenium.remote.RemoteWebElement.sendKeys(RemoteWebElement.java:98)
	at bahaso.testing.webElement.LandingPage.doLogin(LandingPage.java:98)
	at bahaso.testing.web.TrueFalseSentence_TestCase.before(TrueFalseSentence_TestCase.java:27)
... Removed 31 stack frames]]>
    </failure>
  </testcase> <!-- @BeforeMethod before -->
  <testcase name="@AfterMethod after" time="0.0" classname="bahaso.testing.web.TrueFalseSentence_TestCase">
    <skipped/>
  </testcase> <!-- @AfterMethod after -->
  <testcase name="LoginCorrect" time="15.897" classname="bahaso.testing.web.Login"/>
  <testcase name="LoginFail1" time="2.489" classname="bahaso.testing.web.Login"/>
  <testcase name="LoginFail2" time="3.051" classname="bahaso.testing.web.Login">
    <failure type="java.lang.AssertionError" message="Error Massage not same as Expected expected [Username tidak ditemukan.] but found [Gagal masuk, kata sandi anda salah]">
      <![CDATA[java.lang.AssertionError: Error Massage not same as Expected expected [Username tidak ditemukan.] but found [Gagal masuk, kata sandi anda salah]
	at bahaso.testing.web.Login.LoginFail2(Login.java:55)
... Removed 30 stack frames]]>
    </failure>
  </testcase> <!-- LoginFail2 -->
  <testcase name="LoginFail3" time="2.83" classname="bahaso.testing.web.Login"/>
  <testcase name="RegisterCorrect" time="3.336" classname="bahaso.testing.web.RegisterViaLandingPage">
    <failure type="org.openqa.selenium.NoSuchElementException" message="no such element: Unable to locate element: {&amp;quot;method&amp;quot;:&amp;quot;xpath&amp;quot;,&amp;quot;selector&amp;quot;:&amp;quot;.//*[@id=&amp;apos;nav-main&amp;apos;]/ul[2]/li[1]/a&amp;quot;}
  (Session info: chrome=54.0.2840.99)
  (Driver info: chromedriver=2.25.426923 (0390b88869384d6eb0d5d09729679f934aab9eed),platform=Windows NT 10.0.10586 x86_64) (WARNING: The server did not provide any stacktrace information)
Command duration or timeout: 70 milliseconds
For documentation on this error, please visit: http://seleniumhq.org/exceptions/no_such_element.html
Build info: version: &amp;apos;unknown&amp;apos;, revision: &amp;apos;1969d75&amp;apos;, time: &amp;apos;2016-10-18 09:43:45 -0700&amp;apos;
System info: host: &amp;apos;BahasoComputer&amp;apos;, ip: &amp;apos;10.10.16.45&amp;apos;, os.name: &amp;apos;Windows 10&amp;apos;, os.arch: &amp;apos;amd64&amp;apos;, os.version: &amp;apos;10.0&amp;apos;, java.version: &amp;apos;1.8.0_73&amp;apos;
Driver info: org.openqa.selenium.chrome.ChromeDriver
Capabilities [{applicationCacheEnabled=false, rotatable=false, mobileEmulationEnabled=false, networkConnectionEnabled=false, chrome={chromedriverVersion=2.25.426923 (0390b88869384d6eb0d5d09729679f934aab9eed), userDataDir=C:\Users\BAHASO~1\AppData\Local\Temp\scoped_dir11508_7352}, takesHeapSnapshot=true, pageLoadStrategy=normal, databaseEnabled=false, handlesAlerts=true, hasTouchScreen=false, version=54.0.2840.99, platform=XP, browserConnectionEnabled=false, nativeEvents=true, acceptSslCerts=true, locationContextEnabled=true, webStorageEnabled=true, browserName=chrome, takesScreenshot=true, javascriptEnabled=true, cssSelectorsEnabled=true}]
Session ID: 3502186f6f7f3d389e33094635ca52ae
*** Element info: {Using=xpath, value=.//*[@id=&amp;apos;nav-main&amp;apos;]/ul[2]/li[1]/a}">
      <![CDATA[org.openqa.selenium.NoSuchElementException: no such element: Unable to locate element: {"method":"xpath","selector":".//*[@id='nav-main']/ul[2]/li[1]/a"}
  (Session info: chrome=54.0.2840.99)
  (Driver info: chromedriver=2.25.426923 (0390b88869384d6eb0d5d09729679f934aab9eed),platform=Windows NT 10.0.10586 x86_64) (WARNING: The server did not provide any stacktrace information)
Command duration or timeout: 70 milliseconds
For documentation on this error, please visit: http://seleniumhq.org/exceptions/no_such_element.html
Build info: version: 'unknown', revision: '1969d75', time: '2016-10-18 09:43:45 -0700'
System info: host: 'BahasoComputer', ip: '10.10.16.45', os.name: 'Windows 10', os.arch: 'amd64', os.version: '10.0', java.version: '1.8.0_73'
Driver info: org.openqa.selenium.chrome.ChromeDriver
Capabilities [{applicationCacheEnabled=false, rotatable=false, mobileEmulationEnabled=false, networkConnectionEnabled=false, chrome={chromedriverVersion=2.25.426923 (0390b88869384d6eb0d5d09729679f934aab9eed), userDataDir=C:\Users\BAHASO~1\AppData\Local\Temp\scoped_dir11508_7352}, takesHeapSnapshot=true, pageLoadStrategy=normal, databaseEnabled=false, handlesAlerts=true, hasTouchScreen=false, version=54.0.2840.99, platform=XP, browserConnectionEnabled=false, nativeEvents=true, acceptSslCerts=true, locationContextEnabled=true, webStorageEnabled=true, browserName=chrome, takesScreenshot=true, javascriptEnabled=true, cssSelectorsEnabled=true}]
Session ID: 3502186f6f7f3d389e33094635ca52ae
*** Element info: {Using=xpath, value=.//*[@id='nav-main']/ul[2]/li[1]/a}
	at org.openqa.selenium.remote.ErrorHandler.createThrowable(ErrorHandler.java:216)
	at org.openqa.selenium.remote.ErrorHandler.throwIfResponseFailed(ErrorHandler.java:168)
	at org.openqa.selenium.remote.RemoteWebDriver.execute(RemoteWebDriver.java:635)
	at org.openqa.selenium.remote.RemoteWebDriver.findElement(RemoteWebDriver.java:368)
	at org.openqa.selenium.remote.RemoteWebDriver.findElementByXPath(RemoteWebDriver.java:473)
	at org.openqa.selenium.By$ByXPath.findElement(By.java:361)
	at org.openqa.selenium.remote.RemoteWebDriver.findElement(RemoteWebDriver.java:360)
	at bahaso.testing.webElement.LoginPage.getUsernameButton(LoginPage.java:11)
	at bahaso.testing.web.RegisterViaLandingPage.RegisterCorrect(RegisterViaLandingPage.java:37)
... Removed 29 stack frames]]>
    </failure>
  </testcase> <!-- RegisterCorrect -->
  <testcase name="RegisterFailAllBlank" time="3.34" classname="bahaso.testing.web.RegisterViaLandingPage"/>
  <testcase name="RegisterFailEmail1" time="3.29" classname="bahaso.testing.web.RegisterViaLandingPage"/>
  <testcase name="RegisterFailEmail2" time="3.291" classname="bahaso.testing.web.RegisterViaLandingPage"/>
  <testcase name="RegisterFailEmail3" time="3.294" classname="bahaso.testing.web.RegisterViaLandingPage"/>
  <testcase name="RegisterFailEmail4" time="3.289" classname="bahaso.testing.web.RegisterViaLandingPage"/>
  <testcase name="RegisterFailEmail5" time="3.273" classname="bahaso.testing.web.RegisterViaLandingPage"/>
  <testcase name="RegisterFailEmail6" time="3.306" classname="bahaso.testing.web.RegisterViaLandingPage"/>
  <testcase name="RegisterFailFirstname1" time="3.282" classname="bahaso.testing.web.RegisterViaLandingPage"/>
  <testcase name="RegisterFailFirstname2" time="3.292" classname="bahaso.testing.web.RegisterViaLandingPage"/>
  <testcase name="RegisterFailLastname1" time="3.269" classname="bahaso.testing.web.RegisterViaLandingPage"/>
  <testcase name="RegisterFailLastname2" time="3.286" classname="bahaso.testing.web.RegisterViaLandingPage"/>
  <testcase name="RegisterFailPassword1" time="3.287" classname="bahaso.testing.web.RegisterViaLandingPage"/>
  <testcase name="RegisterFailPassword2" time="3.289" classname="bahaso.testing.web.RegisterViaLandingPage"/>
  <testcase name="RegisterFailPassword3" time="3.264" classname="bahaso.testing.web.RegisterViaLandingPage"/>
  <testcase name="RegisterCorrect1" time="0.229" classname="bahaso.testing.web.RegisterViaOfferingPage"/>
  <testcase name="RegisterCorrect2" time="0.226" classname="bahaso.testing.web.RegisterViaOfferingPage"/>
  <testcase name="RegisterCorrect3" time="0.252" classname="bahaso.testing.web.RegisterViaOfferingPage"/>
  <testcase name="RegisterFailEmail1" time="0.245" classname="bahaso.testing.web.RegisterViaOfferingPage"/>
  <testcase name="RegisterFailEmail2" time="0.247" classname="bahaso.testing.web.RegisterViaOfferingPage"/>
  <testcase name="RegisterFailEmail3" time="0.229" classname="bahaso.testing.web.RegisterViaOfferingPage"/>
  <testcase name="RegisterFailName1" time="0.129" classname="bahaso.testing.web.RegisterViaOfferingPage"/>
  <testcase name="RegisterFailName2" time="0.248" classname="bahaso.testing.web.RegisterViaOfferingPage"/>
  <testcase name="RegisterFailName3" time="0.251" classname="bahaso.testing.web.RegisterViaOfferingPage"/>
  <testcase name="RegisterCorrect" time="3.314" classname="bahaso.testing.web.RegisterViaRegisterPage">
    <failure type="org.openqa.selenium.NoSuchElementException" message="no such element: Unable to locate element: {&amp;quot;method&amp;quot;:&amp;quot;xpath&amp;quot;,&amp;quot;selector&amp;quot;:&amp;quot;.//*[@id=&amp;apos;nav-main&amp;apos;]/ul[2]/li[1]/a&amp;quot;}
  (Session info: chrome=54.0.2840.99)
  (Driver info: chromedriver=2.25.426923 (0390b88869384d6eb0d5d09729679f934aab9eed),platform=Windows NT 10.0.10586 x86_64) (WARNING: The server did not provide any stacktrace information)
Command duration or timeout: 55 milliseconds
For documentation on this error, please visit: http://seleniumhq.org/exceptions/no_such_element.html
Build info: version: &amp;apos;unknown&amp;apos;, revision: &amp;apos;1969d75&amp;apos;, time: &amp;apos;2016-10-18 09:43:45 -0700&amp;apos;
System info: host: &amp;apos;BahasoComputer&amp;apos;, ip: &amp;apos;10.10.16.45&amp;apos;, os.name: &amp;apos;Windows 10&amp;apos;, os.arch: &amp;apos;amd64&amp;apos;, os.version: &amp;apos;10.0&amp;apos;, java.version: &amp;apos;1.8.0_73&amp;apos;
Driver info: org.openqa.selenium.chrome.ChromeDriver
Capabilities [{applicationCacheEnabled=false, rotatable=false, mobileEmulationEnabled=false, networkConnectionEnabled=false, chrome={chromedriverVersion=2.25.426923 (0390b88869384d6eb0d5d09729679f934aab9eed), userDataDir=C:\Users\BAHASO~1\AppData\Local\Temp\scoped_dir11912_12790}, takesHeapSnapshot=true, pageLoadStrategy=normal, databaseEnabled=false, handlesAlerts=true, hasTouchScreen=false, version=54.0.2840.99, platform=XP, browserConnectionEnabled=false, nativeEvents=true, acceptSslCerts=true, locationContextEnabled=true, webStorageEnabled=true, browserName=chrome, takesScreenshot=true, javascriptEnabled=true, cssSelectorsEnabled=true}]
Session ID: bb52d39b0ca98dd3e596e08cf5358c8b
*** Element info: {Using=xpath, value=.//*[@id=&amp;apos;nav-main&amp;apos;]/ul[2]/li[1]/a}">
      <![CDATA[org.openqa.selenium.NoSuchElementException: no such element: Unable to locate element: {"method":"xpath","selector":".//*[@id='nav-main']/ul[2]/li[1]/a"}
  (Session info: chrome=54.0.2840.99)
  (Driver info: chromedriver=2.25.426923 (0390b88869384d6eb0d5d09729679f934aab9eed),platform=Windows NT 10.0.10586 x86_64) (WARNING: The server did not provide any stacktrace information)
Command duration or timeout: 55 milliseconds
For documentation on this error, please visit: http://seleniumhq.org/exceptions/no_such_element.html
Build info: version: 'unknown', revision: '1969d75', time: '2016-10-18 09:43:45 -0700'
System info: host: 'BahasoComputer', ip: '10.10.16.45', os.name: 'Windows 10', os.arch: 'amd64', os.version: '10.0', java.version: '1.8.0_73'
Driver info: org.openqa.selenium.chrome.ChromeDriver
Capabilities [{applicationCacheEnabled=false, rotatable=false, mobileEmulationEnabled=false, networkConnectionEnabled=false, chrome={chromedriverVersion=2.25.426923 (0390b88869384d6eb0d5d09729679f934aab9eed), userDataDir=C:\Users\BAHASO~1\AppData\Local\Temp\scoped_dir11912_12790}, takesHeapSnapshot=true, pageLoadStrategy=normal, databaseEnabled=false, handlesAlerts=true, hasTouchScreen=false, version=54.0.2840.99, platform=XP, browserConnectionEnabled=false, nativeEvents=true, acceptSslCerts=true, locationContextEnabled=true, webStorageEnabled=true, browserName=chrome, takesScreenshot=true, javascriptEnabled=true, cssSelectorsEnabled=true}]
Session ID: bb52d39b0ca98dd3e596e08cf5358c8b
*** Element info: {Using=xpath, value=.//*[@id='nav-main']/ul[2]/li[1]/a}
	at org.openqa.selenium.remote.ErrorHandler.createThrowable(ErrorHandler.java:216)
	at org.openqa.selenium.remote.ErrorHandler.throwIfResponseFailed(ErrorHandler.java:168)
	at org.openqa.selenium.remote.RemoteWebDriver.execute(RemoteWebDriver.java:635)
	at org.openqa.selenium.remote.RemoteWebDriver.findElement(RemoteWebDriver.java:368)
	at org.openqa.selenium.remote.RemoteWebDriver.findElementByXPath(RemoteWebDriver.java:473)
	at org.openqa.selenium.By$ByXPath.findElement(By.java:361)
	at org.openqa.selenium.remote.RemoteWebDriver.findElement(RemoteWebDriver.java:360)
	at bahaso.testing.webElement.LoginPage.getUsernameButton(LoginPage.java:11)
	at bahaso.testing.web.RegisterViaRegisterPage.RegisterCorrect(RegisterViaRegisterPage.java:36)
... Removed 29 stack frames]]>
    </failure>
  </testcase> <!-- RegisterCorrect -->
  <testcase name="RegisterFailAllBlank" time="3.337" classname="bahaso.testing.web.RegisterViaRegisterPage"/>
  <testcase name="RegisterFailEmail1" time="3.262" classname="bahaso.testing.web.RegisterViaRegisterPage"/>
  <testcase name="RegisterFailEmail2" time="3.253" classname="bahaso.testing.web.RegisterViaRegisterPage"/>
  <testcase name="RegisterFailEmail3" time="3.25" classname="bahaso.testing.web.RegisterViaRegisterPage"/>
  <testcase name="RegisterFailEmail4" time="3.274" classname="bahaso.testing.web.RegisterViaRegisterPage"/>
  <testcase name="RegisterFailEmail5" time="3.28" classname="bahaso.testing.web.RegisterViaRegisterPage"/>
  <testcase name="RegisterFailEmail6" time="3.291" classname="bahaso.testing.web.RegisterViaRegisterPage"/>
  <testcase name="RegisterFailFirstname1" time="3.275" classname="bahaso.testing.web.RegisterViaRegisterPage"/>
  <testcase name="RegisterFailFirstname2" time="3.285" classname="bahaso.testing.web.RegisterViaRegisterPage"/>
  <testcase name="RegisterFailLastname1" time="3.293" classname="bahaso.testing.web.RegisterViaRegisterPage"/>
  <testcase name="RegisterFailLastname2" time="3.266" classname="bahaso.testing.web.RegisterViaRegisterPage"/>
  <testcase name="RegisterFailPassword1" time="3.279" classname="bahaso.testing.web.RegisterViaRegisterPage"/>
  <testcase name="RegisterFailPassword2" time="3.266" classname="bahaso.testing.web.RegisterViaRegisterPage"/>
  <testcase name="RegisterFailPassword3" time="3.261" classname="bahaso.testing.web.RegisterViaRegisterPage"/>
  <testcase name="answerRight" time="4.175" classname="bahaso.testing.web.TrueFalsePicture_TestCase"/>
  <testcase name="answerWrong" time="4.164" classname="bahaso.testing.web.TrueFalsePicture_TestCase"/>
  <testcase name="cekAllElement" time="2.105" classname="bahaso.testing.web.TrueFalsePicture_TestCase"/>
  <testcase name="answerRight" time="4.163" classname="bahaso.testing.web.TrueFalseListen_TestCase"/>
  <testcase name="answerWrong" time="4.152" classname="bahaso.testing.web.TrueFalseListen_TestCase"/>
  <testcase name="cekAllElement" time="2.139" classname="bahaso.testing.web.TrueFalseListen_TestCase"/>
  <testcase name="answerRight" time="4.175" classname="bahaso.testing.web.TrueFalseSentence_TestCase"/>
  <testcase name="answerWrong" time="4.179" classname="bahaso.testing.web.TrueFalseSentence_TestCase"/>
  <testcase name="cekAllElement" time="0.001" classname="bahaso.testing.web.TrueFalseSentence_TestCase">
    <skipped/>
  </testcase> <!-- cekAllElement -->
</testsuite> <!-- Test -->
